<?xml version="1.0" encoding="UTF-8"?>
<testng-results ignored="0" total="1" passed="1" failed="0" skipped="0">
  <reporter-output>
    <line>
      <![CDATA[Numbers have been added successfully]]>
    </line>
  </reporter-output>
  <suite started-at="2021-10-18T17:08:38 IST" name="Parallel Testing Suite" finished-at="2021-10-18T17:08:45 IST" duration-ms="7729">
    <groups>
    </groups>
    <test started-at="2021-10-18T17:08:38 IST" name="Parallel Tests" finished-at="2021-10-18T17:08:45 IST" duration-ms="7729">
      <class name="CalculatorApp">
        <test-method is-config="true" signature="setUp()[pri:0, instance:CalculatorApp@4b6e2263]" started-at="2021-10-18T17:08:38 IST" name="setUp" finished-at="2021-10-18T17:08:42 IST" duration-ms="4638" status="PASS">
          <reporter-output>
          </reporter-output>
        </test-method> <!-- setUp -->
        <test-method is-config="true" signature="startApp()[pri:0, instance:CalculatorApp@4b6e2263]" started-at="2021-10-18T17:08:42 IST" name="startApp" finished-at="2021-10-18T17:08:43 IST" duration-ms="890" status="PASS">
          <reporter-output>
          </reporter-output>
        </test-method> <!-- startApp -->
        <test-method signature="verifyAddFunctionality()[pri:0, instance:CalculatorApp@4b6e2263]" started-at="2021-10-18T17:08:43 IST" name="verifyAddFunctionality" description="Verify addition of two numbers" finished-at="2021-10-18T17:08:45 IST" duration-ms="2135" status="PASS">
          <reporter-output>
            <line>
              <![CDATA[Numbers have been added successfully]]>
            </line>
          </reporter-output>
        </test-method> <!-- verifyAddFunctionality -->
        <test-method is-config="true" signature="stopApp()[pri:0, instance:CalculatorApp@4b6e2263]" started-at="2021-10-18T17:08:45 IST" name="stopApp" finished-at="2021-10-18T17:08:45 IST" duration-ms="45" status="PASS">
          <reporter-output>
          </reporter-output>
        </test-method> <!-- stopApp -->
      </class> <!-- CalculatorApp -->
    </test> <!-- Parallel Tests -->
  </suite> <!-- Parallel Testing Suite -->
</testng-results>
