<?xml version="1.0" encoding="UTF-8"?>
<testng-results skipped="0" failed="0" ignored="0" total="1" passed="1">
  <reporter-output>
  </reporter-output>
  <suite name="Parallel Testing Suite" duration-ms="23201" started-at="2020-11-22T00:02:07 IST" finished-at="2020-11-22T00:02:30 IST">
    <groups>
    </groups>
    <test name="Parallel Tests" duration-ms="23201" started-at="2020-11-22T00:02:07 IST" finished-at="2020-11-22T00:02:30 IST">
      <class name="KhathaBook">
        <test-method status="PASS" signature="setUp()[pri:0, instance:KhathaBook@15a34df2]" name="setUp" is-config="true" duration-ms="9333" started-at="2020-11-22T00:02:07 IST" finished-at="2020-11-22T00:02:17 IST">
          <reporter-output>
          </reporter-output>
        </test-method> <!-- setUp -->
        <test-method status="PASS" signature="startApp()[pri:0, instance:KhathaBook@15a34df2]" name="startApp" is-config="true" duration-ms="1938" started-at="2020-11-22T00:02:17 IST" finished-at="2020-11-22T00:02:19 IST">
          <reporter-output>
          </reporter-output>
        </test-method> <!-- startApp -->
        <test-method status="PASS" signature="createExistingCustomer()[pri:0, instance:KhathaBook@15a34df2]" name="createExistingCustomer" duration-ms="11901" started-at="2020-11-22T00:02:19 IST" finished-at="2020-11-22T00:02:30 IST">
          <reporter-output>
          </reporter-output>
        </test-method> <!-- createExistingCustomer -->
      </class> <!-- KhathaBook -->
    </test> <!-- Parallel Tests -->
  </suite> <!-- Parallel Testing Suite -->
</testng-results>
